<?xml version="1.0" encoding="UTF-8"?>
<!-- Generated by org.testng.reporters.JUnitXMLReporter -->
<testsuite ignored="0" hostname="LT-53JXL63" failures="0" tests="4" name="Default test" time="0.061" errors="0" timestamp="2022-04-04T08:54:30 IST">
  <testcase classname="com.testNg.TestNGClassWithListeners" name="firstMethod" time="0.014"/>
  <testcase classname="com.testNg.TestNGClassWithListeners" name="firstMethod1" time="0.001"/>
  <testcase classname="com.testNg.TestNGClassWithListeners" name="firstMethod2" time="0.001"/>
  <testcase classname="com.testNg.TestNGClassWithListeners" name="firstMethod3" time="0.001"/>
</testsuite> <!-- Default test -->
