<?xml version="1.0" encoding="UTF-8"?>
<!-- Generated by org.testng.reporters.JUnitXMLReporter -->
<testsuite ignored="0" hostname="LT-53JXL63" failures="1" tests="4" name="Test" time="0.065" errors="0" timestamp="2022-04-04T09:27:21 IST">
  <testcase classname="com.testNg.TestNGClassWithListeners" name="firstMethod" time="0.009"/>
  <testcase classname="com.testNg.TestNGClassWithListeners" name="firstMethod1" time="0.001"/>
  <testcase classname="com.testNg.TestNGClassWithListeners" name="firstMethod2" time="0.003">
    <failure type="java.lang.AssertionError" message="null">
      <![CDATA[java.lang.AssertionError: null
at com.testNg.TestNGClassWithListeners.firstMethod2(TestNGClassWithListeners.java:32)
at java.base/java.util.ArrayList.forEach(ArrayList.java:1511)
... Removed 29 stack frames]]>
    </failure>
  </testcase> <!-- firstMethod2 -->
  <testcase classname="com.testNg.TestNGClassWithListeners" name="firstMethod3" time="0.001"/>
</testsuite> <!-- Test -->
