<?xml version="1.0" encoding="UTF-8"?>
<testng-results ignored="0" total="4" passed="3" failed="1" skipped="0">
  <reporter-output>
  </reporter-output>
  <suite started-at="2022-04-04T09:27:20 IST" name="Suite" finished-at="2022-04-04T09:27:20 IST" duration-ms="65">
    <groups>
    </groups>
    <test started-at="2022-04-04T09:27:20 IST" name="Test" finished-at="2022-04-04T09:27:20 IST" duration-ms="65">
      <class name="com.testNg.TestNGClassWithListeners">
        <test-method signature="firstMethod()[pri:0, instance:com.testNg.TestNGClassWithListeners@4229bb3f]" started-at="2022-04-04T09:27:20 IST" name="firstMethod" finished-at="2022-04-04T09:27:20 IST" duration-ms="9" status="PASS">
          <reporter-output>
          </reporter-output>
        </test-method> <!-- firstMethod -->
        <test-method signature="firstMethod1()[pri:0, instance:com.testNg.TestNGClassWithListeners@4229bb3f]" started-at="2022-04-04T09:27:20 IST" name="firstMethod1" finished-at="2022-04-04T09:27:20 IST" duration-ms="1" status="PASS">
          <reporter-output>
          </reporter-output>
        </test-method> <!-- firstMethod1 -->
        <test-method signature="firstMethod2()[pri:0, instance:com.testNg.TestNGClassWithListeners@4229bb3f]" started-at="2022-04-04T09:27:20 IST" name="firstMethod2" finished-at="2022-04-04T09:27:20 IST" duration-ms="3" status="FAIL">
          <exception class="java.lang.AssertionError">
            <message>
              <![CDATA[null]]>
            </message>
            <full-stacktrace>
              <![CDATA[java.lang.AssertionError: null
at org.testng.Assert.fail(Assert.java:99)
at org.testng.Assert.fail(Assert.java:106)
at com.testNg.TestNGClassWithListeners.firstMethod2(TestNGClassWithListeners.java:32)
at java.base/jdk.internal.reflect.NativeMethodAccessorImpl.invoke0(Native Method)
at java.base/jdk.internal.reflect.NativeMethodAccessorImpl.invoke(NativeMethodAccessorImpl.java:78)
at java.base/jdk.internal.reflect.DelegatingMethodAccessorImpl.invoke(DelegatingMethodAccessorImpl.java:43)
at java.base/java.lang.reflect.Method.invoke(Method.java:567)
at org.testng.internal.MethodInvocationHelper.invokeMethod(MethodInvocationHelper.java:133)
at org.testng.internal.TestInvoker.invokeMethod(TestInvoker.java:598)
at org.testng.internal.TestInvoker.invokeTestMethod(TestInvoker.java:173)
at org.testng.internal.MethodRunner.runInSequence(MethodRunner.java:46)
at org.testng.internal.TestInvoker$MethodInvocationAgent.invoke(TestInvoker.java:824)
at org.testng.internal.TestInvoker.invokeTestMethods(TestInvoker.java:146)
at org.testng.internal.TestMethodWorker.invokeTestMethods(TestMethodWorker.java:146)
at org.testng.internal.TestMethodWorker.run(TestMethodWorker.java:128)
at java.base/java.util.ArrayList.forEach(ArrayList.java:1511)
at org.testng.TestRunner.privateRun(TestRunner.java:794)
at org.testng.TestRunner.run(TestRunner.java:596)
at org.testng.SuiteRunner.runTest(SuiteRunner.java:377)
at org.testng.SuiteRunner.runSequentially(SuiteRunner.java:371)
at org.testng.SuiteRunner.privateRun(SuiteRunner.java:332)
at org.testng.SuiteRunner.run(SuiteRunner.java:276)
at org.testng.SuiteRunnerWorker.runSuite(SuiteRunnerWorker.java:53)
at org.testng.SuiteRunnerWorker.run(SuiteRunnerWorker.java:96)
at org.testng.TestNG.runSuitesSequentially(TestNG.java:1212)
at org.testng.TestNG.runSuitesLocally(TestNG.java:1134)
at org.testng.TestNG.runSuites(TestNG.java:1063)
at org.testng.TestNG.run(TestNG.java:1031)
at org.testng.remote.AbstractRemoteTestNG.run(AbstractRemoteTestNG.java:115)
at org.testng.remote.RemoteTestNG.initAndRun(RemoteTestNG.java:251)
at org.testng.remote.RemoteTestNG.main(RemoteTestNG.java:77)
]]>
            </full-stacktrace>
          </exception> <!-- java.lang.AssertionError -->
          <reporter-output>
          </reporter-output>
        </test-method> <!-- firstMethod2 -->
        <test-method signature="firstMethod3()[pri:0, instance:com.testNg.TestNGClassWithListeners@4229bb3f]" started-at="2022-04-04T09:27:20 IST" name="firstMethod3" finished-at="2022-04-04T09:27:20 IST" duration-ms="1" status="PASS">
          <reporter-output>
          </reporter-output>
        </test-method> <!-- firstMethod3 -->
        <test-method is-config="true" signature="closeBrowser()[pri:0, instance:com.testNg.TestNGClassWithListeners@4229bb3f]" started-at="2022-04-04T09:27:20 IST" name="closeBrowser" finished-at="2022-04-04T09:27:20 IST" duration-ms="0" status="PASS">
          <reporter-output>
          </reporter-output>
        </test-method> <!-- closeBrowser -->
      </class> <!-- com.testNg.TestNGClassWithListeners -->
    </test> <!-- Test -->
  </suite> <!-- Suite -->
</testng-results>
